<?xml version="1.0" encoding="UTF-8"?>
<!-- Generated by org.testng.reporters.JUnitReportReporter -->
<testsuite hostname="TYC1121225" failures="0" tests="1" name="loginTest.ToVerifyHomePageTest" time="8.857" errors="0" timestamp="2022-12-07T14:22:51 IST" skipped="0">
  <testcase classname="loginTest.ToVerifyHomePageTest" name="toVerifyHomePageTest" time="8.857"/>
  <system-out/>
</testsuite> <!-- loginTest.ToVerifyHomePageTest -->
